
> borgdock@1.0.10 build
> tsc -b && vite build

src/__tests__/build-integrity.test.ts(10,16): error TS2307: Cannot find module 'node:fs' or its corresponding type declarations.
src/__tests__/build-integrity.test.ts(11,18): error TS2307: Cannot find module 'node:path' or its corresponding type declarations.
src/__tests__/build-integrity.test.ts(14,27): error TS2304: Cannot find name '__dirname'.
src/__tests__/build-integrity.test.ts(143,28): error TS2345: Argument of type 'string | undefined' is not assignable to parameter of type 'string'.
  Type 'undefined' is not assignable to type 'string'.
src/components/command-palette/__tests__/CommandPalette.test.tsx(162,9): error TS2739: Type '{ id: number; rev: number; url: string; fields: { 'System.Title': string; 'System.State': string; 'System.WorkItemType': string; 'System.AssignedTo': string; }; }' is missing the following properties from type 'WorkItem': relations, htmlUrl
src/components/command-palette/__tests__/CommandPalette.test.tsx(187,9): error TS2739: Type '{ id: number; rev: number; url: string; fields: { 'System.Title': string; 'System.State': string; 'System.WorkItemType': string; 'System.AssignedTo': string; }; }' is missing the following properties from type 'WorkItem': relations, htmlUrl
src/components/command-palette/__tests__/CommandPalette.test.tsx(212,9): error TS2739: Type '{ id: number; rev: number; url: string; fields: { 'System.Title': string; 'System.State': string; 'System.WorkItemType': string; 'System.AssignedTo': string; }; }' is missing the following properties from type 'WorkItem': relations, htmlUrl
src/components/command-palette/__tests__/CommandPalette.test.tsx(223,9): error TS2739: Type '{ id: number; rev: number; url: string; fields: { 'System.Title': string; 'System.State': string; 'System.WorkItemType': string; 'System.AssignedTo': string; }; }' is missing the following properties from type 'WorkItem': relations, htmlUrl
src/components/command-palette/__tests__/CommandPalette.test.tsx(249,9): error TS2739: Type '{ id: number; rev: number; url: string; fields: { 'System.Title': string; 'System.State': string; 'System.WorkItemType': string; 'System.AssignedTo': string; }; }' is missing the following properties from type 'WorkItem': relations, htmlUrl
src/components/command-palette/__tests__/CommandPalette.test.tsx(278,9): error TS2739: Type '{ id: number; rev: number; url: string; fields: { 'System.Title': string; 'System.State': string; 'System.WorkItemType': string; 'System.AssignedTo': string; }; }' is missing the following properties from type 'WorkItem': relations, htmlUrl
src/components/command-palette/__tests__/CommandPalette.test.tsx(303,9): error TS2739: Type '{ id: number; rev: number; url: string; fields: { 'System.Title': string; 'System.State': string; 'System.WorkItemType': string; 'System.AssignedTo': string; }; }' is missing the following properties from type 'WorkItem': relations, htmlUrl
src/components/command-palette/__tests__/CommandPalette.test.tsx(314,9): error TS2739: Type '{ id: number; rev: number; url: string; fields: { 'System.Title': string; 'System.State': string; 'System.WorkItemType': string; 'System.AssignedTo': string; }; }' is missing the following properties from type 'WorkItem': relations, htmlUrl
src/components/command-palette/__tests__/CommandPalette.test.tsx(340,9): error TS2739: Type '{ id: number; rev: number; url: string; fields: { 'System.Title': string; 'System.State': string; 'System.WorkItemType': string; 'System.AssignedTo': string; }; }' is missing the following properties from type 'WorkItem': relations, htmlUrl
src/components/command-palette/__tests__/CommandPalette.test.tsx(365,9): error TS2739: Type '{ id: number; rev: number; url: string; fields: { 'System.Title': string; 'System.State': string; 'System.WorkItemType': string; 'System.AssignedTo': string; }; }' is missing the following properties from type 'WorkItem': relations, htmlUrl
src/components/command-palette/__tests__/CommandPalette.test.tsx(422,9): error TS2739: Type '{ id: number; rev: number; url: string; fields: { 'System.Title': string; 'System.State': string; 'System.WorkItemType': string; 'System.AssignedTo': string; }; }' is missing the following properties from type 'WorkItem': relations, htmlUrl
src/components/focus/__tests__/MergeToast.test.tsx(26,3): error TS2322: Type '((owner: string, repo: string, prNumber: number) => void) | undefined' is not assignable to type '(owner: string, repo: string, prNumber: number) => void'.
  Type 'undefined' is not assignable to type '(owner: string, repo: string, prNumber: number) => void'.
src/components/notifications/__tests__/NotificationOverlay.test.tsx(1,48): error TS6133: 'afterEach' is declared but its value is never read.
src/components/pr-detail/__tests__/PRDetailApp.test.tsx(62,54): error TS2556: A spread argument must either have a tuple type or be passed to a rest parameter.
src/components/pr-detail/diff/__tests__/UnifiedDiffView.test.tsx(2,18): error TS6133: 'screen' is declared but its value is never read.
src/components/pr/__tests__/PrContextMenu.test.tsx(389,11): error TS6133: 'invoke' is declared but its value is never read.
src/components/pr/__tests__/PrContextMenu.test.tsx(426,15): error TS2353: Object literal may only specify known properties, and 'checkRunId' does not exist in type 'CheckRun'.
src/components/pr/__tests__/PullRequestCard.test.tsx(56,6): error TS2339: Property 'getState' does not exist on type 'Mock<Procedure>'.
src/components/pr/__tests__/PullRequestList.test.tsx(75,6): error TS2339: Property 'getState' does not exist on type 'Mock<Procedure>'.
src/components/pr/__tests__/RepoGroup.test.tsx(41,6): error TS2339: Property 'getState' does not exist on type 'Mock<Procedure>'.
src/components/pr/__tests__/TeamReviewLoad.test.tsx(10,6): error TS2339: Property 'getState' does not exist on type 'Mock<Procedure>'.
src/components/review/__tests__/ClaudeReviewPanel.test.tsx(4,36): error TS6196: 'CommentSeverity' is declared but never used.
src/components/work-items/__tests__/WorkItemCard.test.tsx(230,13): error TS2322: Type '{ worktrees: { path: string; branchName: string; isMainWorktree: boolean; }[]; item: WorkItemCardData; onSelect: Mock<Procedure>; onToggleTracked: Mock<Procedure>; onToggleWorkingOn: Mock<...>; onAssignWorktree: Mock<...>; onOpenInBrowser: Mock<...>; }' is not assignable to type 'WorkItemCardProps'.
  Types of property 'worktrees' are incompatible.
    Type '{ path: string; branchName: string; isMainWorktree: boolean; }[]' is not assignable to type 'WorktreeInfo[]'.
      Type '{ path: string; branchName: string; isMainWorktree: boolean; }' is missing the following properties from type 'WorktreeInfo': status, uncommittedCount, ahead, behind, commitSha
src/components/work-items/__tests__/WorkItemCard.test.tsx(245,13): error TS2322: Type '{ worktrees: { path: string; branchName: string; isMainWorktree: boolean; }[]; item: WorkItemCardData; onSelect: Mock<Procedure>; onToggleTracked: Mock<Procedure>; onToggleWorkingOn: Mock<...>; onAssignWorktree: Mock<...>; onOpenInBrowser: Mock<...>; }' is not assignable to type 'WorkItemCardProps'.
  Types of property 'worktrees' are incompatible.
    Type '{ path: string; branchName: string; isMainWorktree: boolean; }[]' is not assignable to type 'WorktreeInfo[]'.
      Type '{ path: string; branchName: string; isMainWorktree: boolean; }' is missing the following properties from type 'WorktreeInfo': status, uncommittedCount, ahead, behind, commitSha
src/components/work-items/__tests__/WorkItemDetailApp.test.tsx(56,1): error TS6133: 'useSettingsStore' is declared but its value is never read.
src/components/work-items/__tests__/WorkItemDetailApp.test.tsx(345,7): error TS2741: Property 'modifiedDate' is missing in type '{ id: number; text: string; createdBy: { displayName: string; }; createdDate: string; }' but required in type 'WorkItemComment'.
src/components/work-items/__tests__/WorkItemDetailPanel.test.tsx(228,5): error TS2322: Type 'undefined' is not assignable to type 'Mock<Procedure>'.
src/components/work-items/__tests__/WorkItemFilterBar.test.tsx(120,5): error TS2322: Type '"tracked"' is not assignable to type '"all"'.
src/components/work-items/__tests__/WorkItemsSection.test.tsx(156,48): error TS2322: Type 'null' is not assignable to type 'string | undefined'.
src/hooks/__tests__/useAdoImageAuth.test.ts(3,23): error TS6133: 'RefObject' is declared but its value is never read.
src/hooks/__tests__/useAdoImageAuth.test.ts(57,11): error TS6133: 'result' is declared but its value is never read.
src/hooks/__tests__/useAdoImageAuth.test.ts(263,11): error TS6133: 'originalSrc' is declared but its value is never read.
src/hooks/__tests__/useAdoPolling.test.ts(82,3): error TS2739: Type '{ id: number; rev: number; url: string; fields: { 'System.Title': string; 'System.State': string; 'System.WorkItemType': string; }; }' is missing the following properties from type 'WorkItem': relations, htmlUrl
src/hooks/__tests__/useBadgeSync.test.ts(111,5): error TS2322: Type '{ id: number; name: string; status: string; conclusion: string; startedAt: string; completedAt: string; htmlUrl: string; }[]' is not assignable to type 'CheckRun[]'.
  Property 'checkSuiteId' is missing in type '{ id: number; name: string; status: string; conclusion: string; startedAt: string; completedAt: string; htmlUrl: string; }' but required in type 'CheckRun'.
src/hooks/__tests__/useGitHubPolling.test.ts(558,11): error TS6133: 'origSetPollingState' is declared but its value is never read.
src/hooks/__tests__/useTheme.test.ts(160,16): error TS2322: Type '"dark"' is not assignable to type '"light"'.
src/hooks/__tests__/useWorkItemLinks.test.ts(2,22): error TS6133: 'act' is declared but its value is never read.
src/hooks/__tests__/useWorkItemLinks.test.ts(58,3): error TS2739: Type '{ id: number; rev: number; url: string; fields: { 'System.Title': string; 'System.State': string; 'System.WorkItemType': string; }; }' is missing the following properties from type 'WorkItem': relations, htmlUrl
src/hooks/__tests__/useWorktreeMap.test.ts(15,7): error TS6133: 'mockSetWorktreeBranchMap' is declared but its value is never read.
src/hooks/__tests__/useWorktreeMap.test.ts(16,7): error TS6133: 'realGetState' is declared but its value is never read.
src/services/__tests__/notification.test.ts(14,3): error TS6133: 'sendOsNotification' is declared but its value is never read.
src/services/__tests__/priority-scoring.test.ts(512,12): error TS2532: Object is possibly 'undefined'.
src/services/__tests__/priority-scoring.test.ts(513,12): error TS2532: Object is possibly 'undefined'.
src/services/__tests__/priority-scoring.test.ts(531,12): error TS2532: Object is possibly 'undefined'.
src/services/__tests__/priority-scoring.test.ts(553,12): error TS2532: Object is possibly 'undefined'.
src/services/__tests__/priority-scoring.test.ts(563,12): error TS2532: Object is possibly 'undefined'.
src/services/__tests__/priority-scoring.test.ts(578,12): error TS2532: Object is possibly 'undefined'.
src/services/__tests__/syntax-highlighter.test.ts(12,3): error TS2502: 'children' is referenced directly or indirectly in its own type annotation.
src/services/__tests__/syntax-highlighter.test.ts(41,4): error TS2352: Conversion of type 'Mock<Procedure>' to type 'Record<string, unknown>' may be a mistake because neither type sufficiently overlaps with the other. If this was intentional, convert the expression to 'unknown' first.
  Index signature for type 'string' is missing in type 'Mock<Procedure>'.
src/services/__tests__/syntax-highlighter.test.ts(44,4): error TS2352: Conversion of type 'Mock<Procedure>' to type 'Record<string, unknown>' may be a mistake because neither type sufficiently overlaps with the other. If this was intentional, convert the expression to 'unknown' first.
  Index signature for type 'string' is missing in type 'Mock<Procedure>'.
src/services/__tests__/syntax-highlighter.test.ts(123,6): error TS2352: Conversion of type 'Mock<Procedure>' to type 'Record<string, unknown>' may be a mistake because neither type sufficiently overlaps with the other. If this was intentional, convert the expression to 'unknown' first.
  Index signature for type 'string' is missing in type 'Mock<Procedure>'.
src/services/__tests__/syntax-highlighter.test.ts(124,6): error TS2352: Conversion of type 'Mock<Procedure>' to type 'Record<string, unknown>' may be a mistake because neither type sufficiently overlaps with the other. If this was intentional, convert the expression to 'unknown' first.
  Index signature for type 'string' is missing in type 'Mock<Procedure>'.
src/services/__tests__/syntax-highlighter.test.ts(260,6): error TS2352: Conversion of type 'Mock<Procedure>' to type 'Record<string, unknown>' may be a mistake because neither type sufficiently overlaps with the other. If this was intentional, convert the expression to 'unknown' first.
  Index signature for type 'string' is missing in type 'Mock<Procedure>'.
src/services/__tests__/syntax-highlighter.test.ts(261,6): error TS2352: Conversion of type 'Mock<Procedure>' to type 'Record<string, unknown>' may be a mistake because neither type sufficiently overlaps with the other. If this was intentional, convert the expression to 'unknown' first.
  Index signature for type 'string' is missing in type 'Mock<Procedure>'.
src/services/__tests__/team-review-load.test.ts(92,12): error TS2532: Object is possibly 'undefined'.
src/services/__tests__/team-review-load.test.ts(93,12): error TS2532: Object is possibly 'undefined'.
src/services/__tests__/team-review-load.test.ts(112,12): error TS2532: Object is possibly 'undefined'.
src/services/__tests__/team-review-load.test.ts(131,12): error TS2532: Object is possibly 'undefined'.
src/services/__tests__/team-review-load.test.ts(150,12): error TS2532: Object is possibly 'undefined'.
src/services/__tests__/team-review-load.test.ts(177,12): error TS2532: Object is possibly 'undefined'.
src/services/__tests__/team-review-load.test.ts(185,12): error TS2532: Object is possibly 'undefined'.
src/services/__tests__/team-review-load.test.ts(213,12): error TS2532: Object is possibly 'undefined'.
src/services/__tests__/team-review-load.test.ts(223,12): error TS2532: Object is possibly 'undefined'.
src/services/__tests__/team-review-load.test.ts(224,12): error TS2532: Object is possibly 'undefined'.
src/services/__tests__/team-review-load.test.ts(225,12): error TS2532: Object is possibly 'undefined'.
src/services/__tests__/team-review-load.test.ts(226,12): error TS2532: Object is possibly 'undefined'.
src/services/__tests__/team-review-load.test.ts(234,12): error TS2532: Object is possibly 'undefined'.
src/services/__tests__/team-review-load.test.ts(235,12): error TS2532: Object is possibly 'undefined'.
src/services/ado/queries.ts(35,5): error TS2322: Type 'unknown[]' is not assignable to type 'number[]'.
  Type 'unknown' is not assignable to type 'number'.
src/services/github/client.ts(269,58): error TS6133: 'method' is declared but its value is never read.
src/services/github/client.ts(269,74): error TS6133: 'path' is declared but its value is never read.
src/stores/__tests__/onboarding-store.test.ts(20,4): error TS2352: Conversion of type 'Window & typeof globalThis' to type 'Record<string, unknown>' may be a mistake because neither type sufficiently overlaps with the other. If this was intentional, convert the expression to 'unknown' first.
  Index signature for type 'string' is missing in type 'Window & typeof globalThis'.
src/stores/settings-store.ts(173,9): error TS2345: Argument of type '(state: SettingsState) => { settings: Record<string, unknown>; }' is not assignable to parameter of type 'SettingsState | Partial<SettingsState> | ((state: SettingsState) => SettingsState | Partial<SettingsState>)'.
  Type '(state: SettingsState) => { settings: Record<string, unknown>; }' is not assignable to type '(state: SettingsState) => SettingsState | Partial<SettingsState>'.
    Type '{ settings: Record<string, unknown>; }' is not assignable to type 'SettingsState | Partial<SettingsState>'.
      Type '{ settings: Record<string, unknown>; }' is not assignable to type 'Partial<SettingsState>'.
        Types of property 'settings' are incompatible.
          Type 'Record<string, unknown>' is missing the following properties from type 'AppSettings': setupComplete, gitHub, repos, ui, and 8 more.
src/stores/settings-store.ts(174,27): error TS2345: Argument of type 'AppSettings' is not assignable to parameter of type 'Record<string, unknown>'.
  Index signature for type 'string' is missing in type 'AppSettings'.
